<?xml version="1.0" encoding="UTF-8"?>
<!-- Generated by org.testng.reporters.JUnitReportReporter -->
<testsuite hostname="DESKTOP-AANA9BE" failures="0" tests="1" name="tests.LoginPageTest" time="2.333" errors="0" timestamp="2023-01-23T00:00:20 IST" skipped="0">
  <testcase classname="tests.LoginPageTest" name="verifyLoginPage" time="2.333"/>
  <system-out/>
</testsuite> <!-- tests.LoginPageTest -->
