<?xml version="1.0" encoding="UTF-8"?>
<!-- Generated by org.testng.reporters.JUnitReportReporter -->
<testsuite hostname="DESKTOP-AANA9BE" failures="0" tests="4" name="tests.ManagerPageTest" time="5.465" errors="0" timestamp="2023-01-23T00:00:20 IST" skipped="0">
  <testcase classname="tests.ManagerPageTest" name="getManagerPage" time="0.402"/>
  <system-out/>
  <testcase classname="tests.ManagerPageTest" name="enterDetailsAddManager" time="3.263"/>
  <system-out/>
  <testcase classname="tests.ManagerPageTest" name="updateManager" time="1.520"/>
  <system-out/>
  <testcase classname="tests.ManagerPageTest" name="deleteManager" time="0.280"/>
  <system-out/>
</testsuite> <!-- tests.ManagerPageTest -->
